In file included from [01m[K/usr/include/ignition/msgs5/ignition/msgs/MessageTypes.hh:161[m[K,
                 from [01m[K/usr/include/ignition/msgs5/ignition/msgs/Utility.hh:33[m[K,
                 from [01m[K/usr/include/ignition/msgs5/ignition/msgs.hh:27[m[K,
                 from [01m[K/usr/include/ignition/transport8/ignition/transport/Node.hh:33[m[K,
                 from [01m[K/usr/include/gazebo-11/gazebo/physics/Entity.hh:25[m[K,
                 from [01m[K/usr/include/gazebo-11/gazebo/physics/Model.hh:30[m[K,
                 from [01m[K/usr/include/gazebo-11/gazebo/physics/Actor.hh:27[m[K,
                 from [01m[K/usr/include/gazebo-11/gazebo/physics/physics.hh:2[m[K,
                 from [01m[K/home/ubuntu/turtlebot3_ws/src/turtlebot3_simulations/turtlebot3_gazebo/models/turtlebot3_dqn_world/obstacle_plugin/obstacle1.cc:22[m[K:
[01m[K/usr/include/ignition/msgs5/ignition/msgs/server_control.pb.h:529:1:[m[K [01;31m[Kinternal compiler error: [m[KSegmentation fault
  529 | [01;31m[K}[m[K
      | [01;31m[K^[m[K
Please submit a full bug report,
with preprocessed source if appropriate.
See <file:///usr/share/doc/gcc-9/README.Bugs> for instructions.
make[2]: *** [CMakeFiles/obstacle1.dir/build.make:63: CMakeFiles/obstacle1.dir/models/turtlebot3_dqn_world/obstacle_plugin/obstacle1.cc.o] Error 1
make[1]: *** [CMakeFiles/Makefile2:165: CMakeFiles/obstacle1.dir/all] Error 2
make[1]: *** Waiting for unfinished jobs....
In file included from [01m[K/usr/include/ignition/msgs5/ignition/msgs/MessageTypes.hh:162[m[K,
                 from [01m[K/usr/include/ignition/msgs5/ignition/msgs/Utility.hh:33[m[K,
                 from [01m[K/usr/include/ignition/msgs5/ignition/msgs.hh:27[m[K,
                 from [01m[K/usr/include/ignition/transport8/ignition/transport/Node.hh:33[m[K,
                 from [01m[K/usr/include/gazebo-11/gazebo/physics/Entity.hh:25[m[K,
                 from [01m[K/usr/include/gazebo-11/gazebo/physics/Model.hh:30[m[K,
                 from [01m[K/usr/include/gazebo-11/gazebo/physics/Actor.hh:27[m[K,
                 from [01m[K/usr/include/gazebo-11/gazebo/physics/physics.hh:2[m[K,
                 from [01m[K/home/ubuntu/turtlebot3_ws/src/turtlebot3_simulations/turtlebot3_gazebo/models/turtlebot3_dqn_world/obstacle_plugin/obstacle2.cc:22[m[K:
[01m[K/usr/include/ignition/msgs5/ignition/msgs/shadows.pb.h:94:1:[m[K [01;31m[Kinternal compiler error: [m[KSegmentation fault
   94 | [01;31m[K}[m[K
      | [01;31m[K^[m[K
Please submit a full bug report,
with preprocessed source if appropriate.
See <file:///usr/share/doc/gcc-9/README.Bugs> for instructions.
make[2]: *** [CMakeFiles/obstacle2.dir/build.make:63: CMakeFiles/obstacle2.dir/models/turtlebot3_dqn_world/obstacle_plugin/obstacle2.cc.o] Error 1
make[1]: *** [CMakeFiles/Makefile2:111: CMakeFiles/obstacle2.dir/all] Error 2
make: *** [Makefile:141: all] Error 2
