-- Found ament_cmake: 0.9.8 (/opt/ros/foxy/share/ament_cmake/cmake)
-- Using PYTHON_EXECUTABLE: /usr/bin/python3
-- Override CMake install command with custom implementation using symlinks instead of copying resources
-- Found dynamixel_sdk: 3.7.40 (/opt/ros/foxy/share/dynamixel_sdk/cmake)
-- Found geometry_msgs: 2.0.4 (/opt/ros/foxy/share/geometry_msgs/cmake)
-- Using all available rosidl_typesupport_c: rosidl_typesupport_fastrtps_c;rosidl_typesupport_introspection_c
-- Found rosidl_adapter: 1.2.1 (/opt/ros/foxy/share/rosidl_adapter/cmake)
-- Using all available rosidl_typesupport_cpp: rosidl_typesupport_fastrtps_cpp;rosidl_typesupport_introspection_cpp
-- Found message_filters: 3.2.5 (/opt/ros/foxy/share/message_filters/cmake)
-- Found nav_msgs: 2.0.4 (/opt/ros/foxy/share/nav_msgs/cmake)
-- Found rclcpp: 2.3.1 (/opt/ros/foxy/share/rclcpp/cmake)
-- Found rmw_implementation_cmake: 1.0.3 (/opt/ros/foxy/share/rmw_implementation_cmake/cmake)
-- Using RMW implementation 'rmw_fastrtps_cpp' as default
-- Found sensor_msgs: 2.0.4 (/opt/ros/foxy/share/sensor_msgs/cmake)
-- Found std_srvs: 2.0.4 (/opt/ros/foxy/share/std_srvs/cmake)
-- Found tf2: 0.13.10 (/opt/ros/foxy/share/tf2/cmake)
-- Found tf2_ros: 0.13.10 (/opt/ros/foxy/share/tf2_ros/cmake)
-- Found turtlebot3_msgs: 2.2.1 (/opt/ros/foxy/share/turtlebot3_msgs/cmake)
-- Configuring done
-- Generating done
-- Build files have been written to: /home/ubuntu/turtlebot3_ws/build/turtlebot3_node
[35m[1mScanning dependencies of target turtlebot3_node_lib[0m
[  7%] [32mBuilding CXX object CMakeFiles/turtlebot3_node_lib.dir/src/devices/sound.cpp.o[0m
[ 14%] [32mBuilding CXX object CMakeFiles/turtlebot3_node_lib.dir/src/turtlebot3.cpp.o[0m
[ 21%] [32mBuilding CXX object CMakeFiles/turtlebot3_node_lib.dir/src/sensors/sensor_state.cpp.o[0m
In file included from [01m[K/opt/ros/foxy/include/message_filters/signal1.h:42[m[K,
                 from [01m[K/opt/ros/foxy/include/message_filters/simple_filter.h:43[m[K,
                 from [01m[K/opt/ros/foxy/include/message_filters/subscriber.h:41[m[K,
                 from [01m[K/home/ubuntu/turtlebot3_ws/src/turtlebot3/turtlebot3_node/include/turtlebot3_node/odometry.hpp:21[m[K,
                 from [01m[K/home/ubuntu/turtlebot3_ws/src/turtlebot3/turtlebot3_node/include/turtlebot3_node/turtlebot3.hpp:40[m[K,
                 from [01m[K/home/ubuntu/turtlebot3_ws/src/turtlebot3/turtlebot3_node/src/turtlebot3.cpp:17[m[K:
[01m[K/opt/ros/foxy/include/message_filters/message_event.h:113:3:[m[K [01;31m[Kinternal compiler error: [m[KSegmentation fault
  113 |   [01;31m[K}[m[K
      |   [01;31m[K^[m[K
Please submit a full bug report,
with preprocessed source if appropriate.
See <file:///usr/share/doc/gcc-9/README.Bugs> for instructions.
make[2]: *** [CMakeFiles/turtlebot3_node_lib.dir/build.make:141: CMakeFiles/turtlebot3_node_lib.dir/src/turtlebot3.cpp.o] Error 1
make[2]: *** Waiting for unfinished jobs....
make[1]: *** [CMakeFiles/Makefile2:107: CMakeFiles/turtlebot3_node_lib.dir/all] Error 2
make: *** [Makefile:141: all] Error 2
