[0.426s] Invoking command in '/home/ubuntu/turtlebot3_ws/build/turtlebot3_node': CMAKE_PREFIX_PATH=${CMAKE_PREFIX_PATH}:/home/ubuntu/turtlebot3_ws/install/turtlebot3_teleop:/home/ubuntu/turtlebot3_ws/install/turtlebot3_example:/opt/ros/foxy /usr/bin/cmake /home/ubuntu/turtlebot3_ws/src/turtlebot3/turtlebot3_node -DCMAKE_INSTALL_PREFIX=/home/ubuntu/turtlebot3_ws/install/turtlebot3_node
[5.097s] -- Found ament_cmake: 0.9.8 (/opt/ros/foxy/share/ament_cmake/cmake)
[5.929s] -- Using PYTHON_EXECUTABLE: /usr/bin/python3
[8.989s] -- Override CMake install command with custom implementation using symlinks instead of copying resources
[12.396s] -- Found dynamixel_sdk: 3.7.40 (/opt/ros/foxy/share/dynamixel_sdk/cmake)
[12.678s] -- Found geometry_msgs: 2.0.4 (/opt/ros/foxy/share/geometry_msgs/cmake)
[14.903s] -- Using all available rosidl_typesupport_c: rosidl_typesupport_fastrtps_c;rosidl_typesupport_introspection_c
[15.141s] -- Found rosidl_adapter: 1.2.1 (/opt/ros/foxy/share/rosidl_adapter/cmake)
[22.866s] -- Using all available rosidl_typesupport_cpp: rosidl_typesupport_fastrtps_cpp;rosidl_typesupport_introspection_cpp
[26.182s] -- Found message_filters: 3.2.5 (/opt/ros/foxy/share/message_filters/cmake)
[26.288s] -- Found nav_msgs: 2.0.4 (/opt/ros/foxy/share/nav_msgs/cmake)
[27.043s] -- Found rclcpp: 2.3.1 (/opt/ros/foxy/share/rclcpp/cmake)
[28.326s] -- Found rmw_implementation_cmake: 1.0.3 (/opt/ros/foxy/share/rmw_implementation_cmake/cmake)
[28.368s] -- Using RMW implementation 'rmw_fastrtps_cpp' as default
[30.323s] -- Found sensor_msgs: 2.0.4 (/opt/ros/foxy/share/sensor_msgs/cmake)
[31.200s] -- Found std_srvs: 2.0.4 (/opt/ros/foxy/share/std_srvs/cmake)
[31.468s] -- Found tf2: 0.13.10 (/opt/ros/foxy/share/tf2/cmake)
[31.683s] -- Found tf2_ros: 0.13.10 (/opt/ros/foxy/share/tf2_ros/cmake)
[37.336s] -- Found turtlebot3_msgs: 2.2.1 (/opt/ros/foxy/share/turtlebot3_msgs/cmake)
[39.421s] -- Configuring done
[39.990s] -- Generating done
[40.069s] -- Build files have been written to: /home/ubuntu/turtlebot3_ws/build/turtlebot3_node
[40.157s] Invoked command in '/home/ubuntu/turtlebot3_ws/build/turtlebot3_node' returned '0': CMAKE_PREFIX_PATH=${CMAKE_PREFIX_PATH}:/home/ubuntu/turtlebot3_ws/install/turtlebot3_teleop:/home/ubuntu/turtlebot3_ws/install/turtlebot3_example:/opt/ros/foxy /usr/bin/cmake /home/ubuntu/turtlebot3_ws/src/turtlebot3/turtlebot3_node -DCMAKE_INSTALL_PREFIX=/home/ubuntu/turtlebot3_ws/install/turtlebot3_node
[40.178s] Invoking command in '/home/ubuntu/turtlebot3_ws/build/turtlebot3_node': CMAKE_PREFIX_PATH=${CMAKE_PREFIX_PATH}:/home/ubuntu/turtlebot3_ws/install/turtlebot3_teleop:/home/ubuntu/turtlebot3_ws/install/turtlebot3_example:/opt/ros/foxy /usr/bin/cmake --build /home/ubuntu/turtlebot3_ws/build/turtlebot3_node -- -j4 -l4
[42.337s] [35m[1mScanning dependencies of target turtlebot3_node_lib[0m
[43.251s] [  7%] [32mBuilding CXX object CMakeFiles/turtlebot3_node_lib.dir/src/devices/sound.cpp.o[0m
[43.528s] [ 14%] [32mBuilding CXX object CMakeFiles/turtlebot3_node_lib.dir/src/turtlebot3.cpp.o[0m
[43.537s] [ 21%] [32mBuilding CXX object CMakeFiles/turtlebot3_node_lib.dir/src/sensors/sensor_state.cpp.o[0m
[737.709s] In file included from [01m[K/opt/ros/foxy/include/message_filters/signal1.h:42[m[K,
[738.551s]                  from [01m[K/opt/ros/foxy/include/message_filters/simple_filter.h:43[m[K,
[738.552s]                  from [01m[K/opt/ros/foxy/include/message_filters/subscriber.h:41[m[K,
[738.578s]                  from [01m[K/home/ubuntu/turtlebot3_ws/src/turtlebot3/turtlebot3_node/include/turtlebot3_node/odometry.hpp:21[m[K,
[738.579s]                  from [01m[K/home/ubuntu/turtlebot3_ws/src/turtlebot3/turtlebot3_node/include/turtlebot3_node/turtlebot3.hpp:40[m[K,
[738.603s]                  from [01m[K/home/ubuntu/turtlebot3_ws/src/turtlebot3/turtlebot3_node/src/turtlebot3.cpp:17[m[K:
[738.617s] [01m[K/opt/ros/foxy/include/message_filters/message_event.h:113:3:[m[K [01;31m[Kinternal compiler error: [m[KSegmentation fault
[738.618s]   113 |   [01;31m[K}[m[K
[738.619s]       |   [01;31m[K^[m[K
[738.620s] Please submit a full bug report,
[738.621s] with preprocessed source if appropriate.
[738.621s] See <file:///usr/share/doc/gcc-9/README.Bugs> for instructions.
[738.955s] make[2]: *** [CMakeFiles/turtlebot3_node_lib.dir/build.make:141: CMakeFiles/turtlebot3_node_lib.dir/src/turtlebot3.cpp.o] Error 1
[739.054s] make[2]: *** Waiting for unfinished jobs....
[1146.755s] make[1]: *** [CMakeFiles/Makefile2:107: CMakeFiles/turtlebot3_node_lib.dir/all] Error 2
[1147.446s] make: *** [Makefile:141: all] Error 2
