[2.586s] Invoking command in '/home/ubuntu/turtlebot3_ws/build/turtlebot3_fake_node': CMAKE_PREFIX_PATH=${CMAKE_PREFIX_PATH}:/home/ubuntu/turtlebot3_ws/install/turtlebot3_teleop:/home/ubuntu/turtlebot3_ws/install/turtlebot3_example:/opt/ros/foxy /usr/bin/cmake /home/ubuntu/turtlebot3_ws/src/turtlebot3_simulations/turtlebot3_fake_node -DCMAKE_INSTALL_PREFIX=/home/ubuntu/turtlebot3_ws/install/turtlebot3_fake_node
[14.767s] -- The C compiler identification is GNU 9.3.0
[25.602s] -- The CXX compiler identification is GNU 9.3.0
[25.649s] -- Check for working C compiler: /usr/bin/cc
[26.219s] -- Check for working C compiler: /usr/bin/cc -- works
[26.261s] -- Detecting C compiler ABI info
[26.882s] -- Detecting C compiler ABI info - done
[26.979s] -- Detecting C compile features
[26.996s] -- Detecting C compile features - done
[27.022s] -- Check for working CXX compiler: /usr/bin/c++
[27.634s] -- Check for working CXX compiler: /usr/bin/c++ -- works
[27.643s] -- Detecting CXX compiler ABI info
[28.512s] -- Detecting CXX compiler ABI info - done
[28.595s] -- Detecting CXX compile features
[28.600s] -- Detecting CXX compile features - done
[28.696s] -- Found ament_cmake: 0.9.8 (/opt/ros/foxy/share/ament_cmake/cmake)
[29.016s] -- Found PythonInterp: /usr/bin/python3 (found suitable version "3.8.10", minimum required is "3") 
[29.021s] -- Using PYTHON_EXECUTABLE: /usr/bin/python3
[31.464s] -- Found geometry_msgs: 2.0.4 (/opt/ros/foxy/share/geometry_msgs/cmake)
[32.058s] -- Using all available rosidl_typesupport_c: rosidl_typesupport_fastrtps_c;rosidl_typesupport_introspection_c
[32.190s] -- Found rosidl_adapter: 1.2.1 (/opt/ros/foxy/share/rosidl_adapter/cmake)
[33.445s] -- Found OpenSSL: /usr/lib/aarch64-linux-gnu/libcrypto.so (found version "1.1.1f")  
[33.947s] -- Found FastRTPS: /opt/ros/foxy/include  
[35.610s] -- Using all available rosidl_typesupport_cpp: rosidl_typesupport_fastrtps_cpp;rosidl_typesupport_introspection_cpp
[36.461s] -- Found nav_msgs: 2.0.4 (/opt/ros/foxy/share/nav_msgs/cmake)
[37.110s] -- Found rclcpp: 2.3.1 (/opt/ros/foxy/share/rclcpp/cmake)
[37.752s] -- Found rmw_implementation_cmake: 1.0.3 (/opt/ros/foxy/share/rmw_implementation_cmake/cmake)
[37.767s] -- Using RMW implementation 'rmw_fastrtps_cpp' as default
[37.791s] -- Looking for pthread.h
[39.351s] -- Looking for pthread.h - found
[39.353s] -- Performing Test CMAKE_HAVE_LIBC_PTHREAD
[39.992s] -- Performing Test CMAKE_HAVE_LIBC_PTHREAD - Failed
[39.995s] -- Looking for pthread_create in pthreads
[40.548s] -- Looking for pthread_create in pthreads - not found
[40.549s] -- Looking for pthread_create in pthread
[41.167s] -- Looking for pthread_create in pthread - found
[41.174s] -- Found Threads: TRUE  
[42.565s] -- Found sensor_msgs: 2.0.4 (/opt/ros/foxy/share/sensor_msgs/cmake)
[43.315s] -- Found tf2: 0.13.10 (/opt/ros/foxy/share/tf2/cmake)
[43.481s] -- Found tf2_msgs: 0.13.10 (/opt/ros/foxy/share/tf2_msgs/cmake)
[45.217s] -- Found turtlebot3_msgs: 2.2.1 (/opt/ros/foxy/share/turtlebot3_msgs/cmake)
[46.836s] -- Configuring done
[46.958s] -- Generating done
[46.974s] -- Build files have been written to: /home/ubuntu/turtlebot3_ws/build/turtlebot3_fake_node
[47.045s] Invoked command in '/home/ubuntu/turtlebot3_ws/build/turtlebot3_fake_node' returned '0': CMAKE_PREFIX_PATH=${CMAKE_PREFIX_PATH}:/home/ubuntu/turtlebot3_ws/install/turtlebot3_teleop:/home/ubuntu/turtlebot3_ws/install/turtlebot3_example:/opt/ros/foxy /usr/bin/cmake /home/ubuntu/turtlebot3_ws/src/turtlebot3_simulations/turtlebot3_fake_node -DCMAKE_INSTALL_PREFIX=/home/ubuntu/turtlebot3_ws/install/turtlebot3_fake_node
[47.056s] Invoking command in '/home/ubuntu/turtlebot3_ws/build/turtlebot3_fake_node': CMAKE_PREFIX_PATH=${CMAKE_PREFIX_PATH}:/home/ubuntu/turtlebot3_ws/install/turtlebot3_teleop:/home/ubuntu/turtlebot3_ws/install/turtlebot3_example:/opt/ros/foxy /usr/bin/cmake --build /home/ubuntu/turtlebot3_ws/build/turtlebot3_fake_node -- -j4 -l4
[47.422s] [35m[1mScanning dependencies of target turtlebot3_fake_node[0m
[51.920s] [ 50%] [32mBuilding CXX object CMakeFiles/turtlebot3_fake_node.dir/src/turtlebot3_fake_node.cpp.o[0m
[292.939s] [01m[K/home/ubuntu/turtlebot3_ws/src/turtlebot3_simulations/turtlebot3_fake_node/src/turtlebot3_fake_node.cpp:62:1:[m[K [01;31m[Kinternal compiler error: [m[KSegmentation fault
[293.210s]    62 | [01;31m[K}[m[K
[293.212s]       | [01;31m[K^[m[K
[293.213s] Please submit a full bug report,
[293.214s] with preprocessed source if appropriate.
[293.215s] See <file:///usr/share/doc/gcc-9/README.Bugs> for instructions.
[298.481s] make[2]: *** [CMakeFiles/turtlebot3_fake_node.dir/build.make:63: CMakeFiles/turtlebot3_fake_node.dir/src/turtlebot3_fake_node.cpp.o] Error 1
[300.906s] make[1]: *** [CMakeFiles/Makefile2:78: CMakeFiles/turtlebot3_fake_node.dir/all] Error 2
[302.006s] make: *** [Makefile:141: all] Error 2
[309.020s] Invoked command in '/home/ubuntu/turtlebot3_ws/build/turtlebot3_fake_node' returned '2': CMAKE_PREFIX_PATH=${CMAKE_PREFIX_PATH}:/home/ubuntu/turtlebot3_ws/install/turtlebot3_teleop:/home/ubuntu/turtlebot3_ws/install/turtlebot3_example:/opt/ros/foxy /usr/bin/cmake --build /home/ubuntu/turtlebot3_ws/build/turtlebot3_fake_node -- -j4 -l4
